Compilación iniciada a las 21/11/2019 18:25:14.
     1>Proyecto "C:\Users\Administrador\Desktop\TrabajoPracticoFina\TPFinal\TPFinal.vcxproj" en el nodo 2 (build destinos).
     1>InitializeBuildStatus:
         Se creará "Debug\TPFinal.unsuccessfulbuild" porque se especificó "AlwaysCreate".
       ClCompile:
         C:\Program Files (x86)\Microsoft Visual Studio 10.0\VC\bin\CL.exe /c /ZI /nologo /W3 /WX- /Od /Oy- /D _MBCS /Gm /EHsc /RTC1 /MDd /GS /fp:precise /Zc:wchar_t /Zc:forScope /Fo"Debug\\" /Fd"Debug\vc100.pdb" /Gd /TP /analyze- /errorReport:prompt Asteroide.cpp
         Asteroide.cpp
       Link:
         C:\Program Files (x86)\Microsoft Visual Studio 10.0\VC\bin\link.exe /ERRORREPORT:PROMPT /OUT:"C:\Users\Administrador\Desktop\TrabajoPracticoFina\Debug\TPFinal.exe" /NOLOGO kernel32.lib user32.lib gdi32.lib winspool.lib comdlg32.lib advapi32.lib shell32.lib ole32.lib oleaut32.lib uuid.lib odbc32.lib odbccp32.lib /MANIFEST /ManifestFile:"Debug\TPFinal.exe.intermediate.manifest" /MANIFESTUAC:"level='asInvoker' uiAccess='false'" /DEBUG /PDB:"C:\Users\Administrador\Desktop\TrabajoPracticoFina\Debug\TPFinal.pdb" /TLBID:1 /DYNAMICBASE /NXCOMPAT /IMPLIB:"C:\Users\Administrador\Desktop\TrabajoPracticoFina\Debug\TPFinal.lib" /MACHINE:X86 Debug\libreria.obj
         Debug\Asteroide.obj
         Debug\Bala.obj
         Debug\Juego.obj
         Debug\main.obj
         Debug\Nave.obj
         LINK : no se encontró C:\Users\Administrador\Desktop\TrabajoPracticoFina\Debug\TPFinal.exe o no lo generó el último vínculo incremental; ejecutando vínculo completo
         TPFinal.vcxproj -> C:\Users\Administrador\Desktop\TrabajoPracticoFina\Debug\TPFinal.exe
       Manifest:
         C:\Program Files (x86)\Microsoft SDKs\Windows\v7.0A\bin\mt.exe /nologo /verbose /outputresource:"C:\Users\Administrador\Desktop\TrabajoPracticoFina\Debug\TPFinal.exe;#1" /manifest Debug\TPFinal.exe.intermediate.manifest
       FinalizeBuildStatus:
         Se eliminará el archivo "Debug\TPFinal.unsuccessfulbuild".
         Aplicando tarea Touch a "Debug\TPFinal.lastbuildstate".
     1>Compilación del proyecto terminada "C:\Users\Administrador\Desktop\TrabajoPracticoFina\TPFinal\TPFinal.vcxproj" (build destinos).

Compilación correcta.

Tiempo transcurrido 00:00:00.98
